{"/home/yan/frontend-project-46/src/gendiff.js": {"path":"/home/yan/frontend-project-46/src/gendiff.js","all":false,"statementMap":{"0":{"start":{"line":1,"column":0},"end":{"line":1,"column":20}},"1":{"start":{"line":2,"column":0},"end":{"line":2,"column":24}},"2":{"start":{"line":3,"column":0},"end":{"line":3,"column":23}},"3":{"start":{"line":4,"column":0},"end":{"line":4,"column":0}},"4":{"start":{"line":5,"column":0},"end":{"line":5,"column":32}},"5":{"start":{"line":6,"column":0},"end":{"line":6,"column":40}},"6":{"start":{"line":7,"column":0},"end":{"line":7,"column":38}},"7":{"start":{"line":8,"column":0},"end":{"line":8,"column":12}},"8":{"start":{"line":9,"column":0},"end":{"line":9,"column":2}},"9":{"start":{"line":10,"column":0},"end":{"line":10,"column":0}},"10":{"start":{"line":11,"column":0},"end":{"line":11,"column":43}},"11":{"start":{"line":12,"column":0},"end":{"line":12,"column":83}},"12":{"start":{"line":13,"column":0},"end":{"line":13,"column":32}},"13":{"start":{"line":14,"column":0},"end":{"line":14,"column":32}},"14":{"start":{"line":15,"column":0},"end":{"line":15,"column":34}},"15":{"start":{"line":16,"column":0},"end":{"line":16,"column":17}},"16":{"start":{"line":17,"column":0},"end":{"line":17,"column":26}},"17":{"start":{"line":18,"column":0},"end":{"line":18,"column":40}},"18":{"start":{"line":19,"column":0},"end":{"line":19,"column":51}},"19":{"start":{"line":20,"column":0},"end":{"line":20,"column":42}},"20":{"start":{"line":21,"column":0},"end":{"line":21,"column":51}},"21":{"start":{"line":22,"column":0},"end":{"line":22,"column":41}},"22":{"start":{"line":23,"column":0},"end":{"line":23,"column":51}},"23":{"start":{"line":24,"column":0},"end":{"line":24,"column":10}},"24":{"start":{"line":25,"column":0},"end":{"line":25,"column":51}},"25":{"start":{"line":26,"column":0},"end":{"line":26,"column":51}},"26":{"start":{"line":27,"column":0},"end":{"line":27,"column":3}},"27":{"start":{"line":28,"column":0},"end":{"line":28,"column":2}},"28":{"start":{"line":29,"column":0},"end":{"line":29,"column":1}},"29":{"start":{"line":30,"column":0},"end":{"line":30,"column":41}},"30":{"start":{"line":31,"column":0},"end":{"line":31,"column":54}},"31":{"start":{"line":32,"column":0},"end":{"line":32,"column":37}},"32":{"start":{"line":33,"column":0},"end":{"line":33,"column":2}},"33":{"start":{"line":34,"column":0},"end":{"line":34,"column":0}},"34":{"start":{"line":35,"column":0},"end":{"line":35,"column":23}}},"s":{"0":1,"1":1,"2":1,"3":1,"4":1,"5":2,"6":2,"7":2,"8":2,"9":1,"10":1,"11":1,"12":1,"13":1,"14":1,"15":1,"16":1,"17":5,"18":1,"19":5,"20":1,"21":4,"22":2,"23":3,"24":1,"25":1,"26":1,"27":5,"28":1,"29":1,"30":1,"31":1,"32":1,"33":1,"34":1},"branchMap":{"0":{"type":"branch","line":5,"loc":{"start":{"line":5,"column":18},"end":{"line":9,"column":2}},"locations":[{"start":{"line":5,"column":18},"end":{"line":9,"column":2}}]},"1":{"type":"branch","line":11,"loc":{"start":{"line":11,"column":16},"end":{"line":33,"column":2}},"locations":[{"start":{"line":11,"column":16},"end":{"line":33,"column":2}}]},"2":{"type":"branch","line":17,"loc":{"start":{"line":17,"column":25},"end":{"line":28,"column":2}},"locations":[{"start":{"line":17,"column":25},"end":{"line":28,"column":2}}]},"3":{"type":"branch","line":18,"loc":{"start":{"line":18,"column":39},"end":{"line":20,"column":3}},"locations":[{"start":{"line":18,"column":39},"end":{"line":20,"column":3}}]},"4":{"type":"branch","line":20,"loc":{"start":{"line":20,"column":3},"end":{"line":27,"column":3}},"locations":[{"start":{"line":20,"column":3},"end":{"line":27,"column":3}}]},"5":{"type":"branch","line":20,"loc":{"start":{"line":20,"column":41},"end":{"line":22,"column":3}},"locations":[{"start":{"line":20,"column":41},"end":{"line":22,"column":3}}]},"6":{"type":"branch","line":22,"loc":{"start":{"line":22,"column":3},"end":{"line":27,"column":3}},"locations":[{"start":{"line":22,"column":3},"end":{"line":27,"column":3}}]},"7":{"type":"branch","line":22,"loc":{"start":{"line":22,"column":40},"end":{"line":24,"column":3}},"locations":[{"start":{"line":22,"column":40},"end":{"line":24,"column":3}}]},"8":{"type":"branch","line":24,"loc":{"start":{"line":24,"column":3},"end":{"line":27,"column":3}},"locations":[{"start":{"line":24,"column":3},"end":{"line":27,"column":3}}]},"9":{"type":"branch","line":12,"loc":{"start":{"line":12,"column":50},"end":{"line":12,"column":81}},"locations":[{"start":{"line":12,"column":50},"end":{"line":12,"column":81}}]},"10":{"type":"branch","line":31,"loc":{"start":{"line":31,"column":8},"end":{"line":31,"column":52}},"locations":[{"start":{"line":31,"column":8},"end":{"line":31,"column":52}}]}},"b":{"0":[2],"1":[1],"2":[5],"3":[1],"4":[4],"5":[1],"6":[3],"7":[2],"8":[1],"9":[2],"10":[6]},"fnMap":{"0":{"name":"readFile","decl":{"start":{"line":5,"column":18},"end":{"line":9,"column":2}},"loc":{"start":{"line":5,"column":18},"end":{"line":9,"column":2}},"line":5},"1":{"name":"gendiff","decl":{"start":{"line":11,"column":16},"end":{"line":33,"column":2}},"loc":{"start":{"line":11,"column":16},"end":{"line":33,"column":2}},"line":11}},"f":{"0":2,"1":1}}
}
