TN:
SF:src/gendiff.js
FN:5,readFile
FN:11,gendiff
FNF:2
FNH:2
FNDA:2,readFile
FNDA:1,gendiff
DA:1,1
DA:2,1
DA:3,1
DA:4,1
DA:5,1
DA:6,2
DA:7,2
DA:8,2
DA:9,2
DA:10,1
DA:11,1
DA:12,1
DA:13,1
DA:14,1
DA:15,1
DA:16,1
DA:17,1
DA:18,5
DA:19,1
DA:20,5
DA:21,1
DA:22,4
DA:23,2
DA:24,3
DA:25,1
DA:26,1
DA:27,1
DA:28,5
DA:29,1
DA:30,1
DA:31,1
DA:32,1
DA:33,1
DA:34,1
DA:35,1
LF:35
LH:35
BRDA:5,0,0,2
BRDA:11,1,0,1
BRDA:17,2,0,5
BRDA:18,3,0,1
BRDA:20,4,0,4
BRDA:20,5,0,1
BRDA:22,6,0,3
BRDA:22,7,0,2
BRDA:24,8,0,1
BRDA:12,9,0,2
BRDA:31,10,0,6
BRF:11
BRH:11
end_of_record
